<?xml version="1.0" encoding="UTF-8"?>
<!-- Generated by org.testng.reporters.JUnitXMLReporter -->
<testsuite ignored="13" hostname="vicky" failures="0" tests="1" name="UserCreationTest" time="241.363" errors="0" timestamp="2023-01-10T15:53:00 IST">
  <testcase classname="orangeHRM.base.BaseClass" name="@AfterMethod testCloserIT" time="32.447">
    <failure type="org.openqa.selenium.WebDriverException" message="disconnected: unable to connect to renderer
  (failed to check if window was closed: disconnected: unable to connect to renderer)
  (Session info: chrome=108.0.5359.125)
Build info: version: &amp;apos;4.0.0&amp;apos;, revision: &amp;apos;3a21814679&amp;apos;
System info: host: &amp;apos;VICKY&amp;apos;, ip: &amp;apos;169.254.52.76&amp;apos;, os.name: &amp;apos;Windows 11&amp;apos;, os.arch: &amp;apos;amd64&amp;apos;, os.version: &amp;apos;10.0&amp;apos;, java.version: &amp;apos;17.0.3&amp;apos;
Driver info: org.openqa.selenium.chrome.ChromeDriver
Command: [77b22b0fdf04f30e06be3a58ecb7df0c, close {}]
Capabilities {acceptInsecureCerts: false, browserName: chrome, browserVersion: 108.0.5359.125, chrome: {chromedriverVersion: 108.0.5359.71 (1e0e3868ee06..., userDataDir: C:\Users\vicky\AppData\Loca...}, goog:chromeOptions: {debuggerAddress: localhost:59765}, javascriptEnabled: true, networkConnectionEnabled: false, pageLoadStrategy: normal, platform: WINDOWS, platformName: WINDOWS, proxy: Proxy(), se:cdp: ws://localhost:59765/devtoo..., se:cdpVersion: 108.0.5359.125, setWindowRect: true, strictFileInteractability: false, timeouts: {implicit: 0, pageLoad: 300000, script: 30000}, unhandledPromptBehavior: dismiss and notify, webauthn:extension:credBlob: true, webauthn:extension:largeBlob: true, webauthn:virtualAuthenticators: true}
Session ID: 77b22b0fdf04f30e06be3a58ecb7df0c">
      <![CDATA[org.openqa.selenium.WebDriverException: disconnected: unable to connect to renderer
  (failed to check if window was closed: disconnected: unable to connect to renderer)
  (Session info: chrome=108.0.5359.125)
Build info: version: '4.0.0', revision: '3a21814679'
System info: host: 'VICKY', ip: '169.254.52.76', os.name: 'Windows 11', os.arch: 'amd64', os.version: '10.0', java.version: '17.0.3'
Driver info: org.openqa.selenium.chrome.ChromeDriver
Command: [77b22b0fdf04f30e06be3a58ecb7df0c, close {}]
Capabilities {acceptInsecureCerts: false, browserName: chrome, browserVersion: 108.0.5359.125, chrome: {chromedriverVersion: 108.0.5359.71 (1e0e3868ee06..., userDataDir: C:\Users\vicky\AppData\Loca...}, goog:chromeOptions: {debuggerAddress: localhost:59765}, javascriptEnabled: true, networkConnectionEnabled: false, pageLoadStrategy: normal, platform: WINDOWS, platformName: WINDOWS, proxy: Proxy(), se:cdp: ws://localhost:59765/devtoo..., se:cdpVersion: 108.0.5359.125, setWindowRect: true, strictFileInteractability: false, timeouts: {implicit: 0, pageLoad: 300000, script: 30000}, unhandledPromptBehavior: dismiss and notify, webauthn:extension:credBlob: true, webauthn:extension:largeBlob: true, webauthn:virtualAuthenticators: true}
Session ID: 77b22b0fdf04f30e06be3a58ecb7df0c
at org.openqa.selenium.remote.codec.w3c.W3CHttpResponseCodec.createException(W3CHttpResponseCodec.java:200)
at org.openqa.selenium.remote.codec.w3c.W3CHttpResponseCodec.decode(W3CHttpResponseCodec.java:133)
at org.openqa.selenium.remote.codec.w3c.W3CHttpResponseCodec.decode(W3CHttpResponseCodec.java:53)
at org.openqa.selenium.remote.HttpCommandExecutor.execute(HttpCommandExecutor.java:184)
at org.openqa.selenium.remote.service.DriverCommandExecutor.invokeExecute(DriverCommandExecutor.java:164)
at org.openqa.selenium.remote.service.DriverCommandExecutor.execute(DriverCommandExecutor.java:139)
at org.openqa.selenium.remote.RemoteWebDriver.execute(RemoteWebDriver.java:559)
at org.openqa.selenium.remote.RemoteWebDriver.execute(RemoteWebDriver.java:614)
at org.openqa.selenium.remote.RemoteWebDriver.execute(RemoteWebDriver.java:618)
at org.openqa.selenium.remote.RemoteWebDriver.close(RemoteWebDriver.java:444)
at orangeHRM.utilities.Utils.closeBrowser(Utils.java:220)
at orangeHRM.base.BaseClass.testCloserIT(BaseClass.java:34)
at java.base/java.util.ArrayList.forEach(ArrayList.java:1511)
... Removed 37 stack frames]]>
    </failure>
  </testcase> <!-- @AfterMethod testCloserIT -->
  <testcase classname="orangeHRM.testcases.TestCases" name="NewUserCreation_TC_PIM_03" time="206.016"/>
  <testcase classname="orangeHRM.testcases.TestCases" name="EmpTermination_TC_PIM_10" time="0.0">
    <ignored/>
  </testcase> <!-- EmpTermination_TC_PIM_10 -->
  <testcase classname="orangeHRM.testcases.TestCases" name="Emp_TaxExemptions_TC_PIM_13" time="0.0">
    <ignored/>
  </testcase> <!-- Emp_TaxExemptions_TC_PIM_13 -->
  <testcase classname="orangeHRM.testcases.TestCases" name="empDeatilsTab_TC_PIM_04" time="0.0">
    <ignored/>
  </testcase> <!-- empDeatilsTab_TC_PIM_04 -->
  <testcase classname="orangeHRM.testcases.TestCases" name="loginTest" time="0.0">
    <ignored/>
  </testcase> <!-- loginTest -->
  <testcase classname="orangeHRM.testcases.TestCases" name="TC_PIM_01" time="0.0">
    <ignored/>
  </testcase> <!-- TC_PIM_01 -->
  <testcase classname="orangeHRM.testcases.TestCases" name="empActivation_TC_PIM_11" time="0.0">
    <ignored/>
  </testcase> <!-- empActivation_TC_PIM_11 -->
  <testcase classname="orangeHRM.testcases.TestCases" name="EmpJobDetailsUpdation_TC_PIM_09" time="0.0">
    <ignored/>
  </testcase> <!-- EmpJobDetailsUpdation_TC_PIM_09 -->
  <testcase classname="orangeHRM.testcases.TestCases" name="EmergencyConcactUpda_TC_PIM_07" time="0.0">
    <ignored/>
  </testcase> <!-- EmergencyConcactUpda_TC_PIM_07 -->
  <testcase classname="orangeHRM.testcases.TestCases" name="EmpDetailsUpdation_TC_PIM_05" time="0.0">
    <ignored/>
  </testcase> <!-- EmpDetailsUpdation_TC_PIM_05 -->
  <testcase classname="orangeHRM.testcases.TestCases" name="EmpContactDetails_TC_PIM_06" time="0.0">
    <ignored/>
  </testcase> <!-- EmpContactDetails_TC_PIM_06 -->
  <testcase classname="orangeHRM.testcases.TestCases" name="DropDown_TC_PIM_02" time="0.0">
    <ignored/>
  </testcase> <!-- DropDown_TC_PIM_02 -->
  <testcase classname="orangeHRM.testcases.TestCases" name="DependentsUpdation_TC_PIM_08" time="0.0">
    <ignored/>
  </testcase> <!-- DependentsUpdation_TC_PIM_08 -->
  <testcase classname="orangeHRM.testcases.TestCases" name="EmpSalaryUpdation_TC_PIM_12" time="0.0">
    <ignored/>
  </testcase> <!-- EmpSalaryUpdation_TC_PIM_12 -->
</testsuite> <!-- UserCreationTest -->
