<?xml version="1.0" encoding="UTF-8"?>
<!-- Generated by org.testng.reporters.JUnitReportReporter -->
<testsuite hostname="vicky" failures="0" tests="23" name="orangeHRM.testcases.TestCases" time="190.058" errors="1" timestamp="2023-01-10T15:41:39 IST" skipped="21">
  <testcase classname="orangeHRM.testcases.TestCases" name="TC_PIM_01" time="76.183">
    <skipped/>
  </testcase> <!-- TC_PIM_01 -->
  <system-out/>
  <testcase classname="orangeHRM.testcases.TestCases" name="TC_PIM_01" time="0.000">
    <skipped/>
  </testcase> <!-- TC_PIM_01 -->
  <system-out/>
  <testcase classname="orangeHRM.testcases.TestCases" name="TC_PIM_01" time="0.000">
    <skipped/>
  </testcase> <!-- TC_PIM_01 -->
  <system-out/>
  <testcase classname="orangeHRM.testcases.TestCases" name="TC_PIM_01" time="0.000">
    <skipped/>
  </testcase> <!-- TC_PIM_01 -->
  <system-out/>
  <testcase classname="orangeHRM.testcases.TestCases" name="TC_PIM_01" time="0.000">
    <skipped/>
  </testcase> <!-- TC_PIM_01 -->
  <system-out/>
  <testcase classname="orangeHRM.testcases.TestCases" name="TC_PIM_01" time="0.000">
    <skipped/>
  </testcase> <!-- TC_PIM_01 -->
  <system-out/>
  <testcase classname="orangeHRM.testcases.TestCases" name="TC_PIM_01" time="0.000">
    <skipped/>
  </testcase> <!-- TC_PIM_01 -->
  <system-out/>
  <testcase classname="orangeHRM.testcases.TestCases" name="TC_PIM_01" time="0.000">
    <skipped/>
  </testcase> <!-- TC_PIM_01 -->
  <system-out/>
  <testcase classname="orangeHRM.testcases.TestCases" name="testCloserIT" time="32.668">
    <error message="disconnected: unable to connect to renderer
  (failed to check if window was closed: disconnected: unable to connect to renderer)
  (Session info: chrome=108.0.5359.125)
Build info: version: &#039;4.0.0&#039;, revision: &#039;3a21814679&#039;
System info: host: &#039;VICKY&#039;, ip: &#039;192.168.43.87&#039;, os.name: &#039;Windows 11&#039;, os.arch: &#039;amd64&#039;, os.version: &#039;10.0&#039;, java.version: &#039;17.0.3&#039;
Driver info: org.openqa.selenium.chrome.ChromeDriver
Command: [b5359b8188aa26bb861f40c321404c73, close {}]
Capabilities {acceptInsecureCerts: false, browserName: chrome, browserVersion: 108.0.5359.125, chrome: {chromedriverVersion: 108.0.5359.71 (1e0e3868ee06..., userDataDir: C:\Users\vicky\AppData\Loca...}, goog:chromeOptions: {debuggerAddress: localhost:57972}, javascriptEnabled: true, networkConnectionEnabled: false, pageLoadStrategy: normal, platform: WINDOWS, platformName: WINDOWS, proxy: Proxy(), se:cdp: ws://localhost:57972/devtoo..., se:cdpVersion: 108.0.5359.125, setWindowRect: true, strictFileInteractability: false, timeouts: {implicit: 0, pageLoad: 300000, script: 30000}, unhandledPromptBehavior: dismiss and notify, webauthn:extension:credBlob: true, webauthn:extension:largeBlob: true, webauthn:virtualAuthenticators: true}
Session ID: b5359b8188aa26bb861f40c321404c73" type="org.openqa.selenium.WebDriverException">
      <![CDATA[org.openqa.selenium.WebDriverException: disconnected: unable to connect to renderer
  (failed to check if window was closed: disconnected: unable to connect to renderer)
  (Session info: chrome=108.0.5359.125)
Build info: version: '4.0.0', revision: '3a21814679'
System info: host: 'VICKY', ip: '192.168.43.87', os.name: 'Windows 11', os.arch: 'amd64', os.version: '10.0', java.version: '17.0.3'
Driver info: org.openqa.selenium.chrome.ChromeDriver
Command: [b5359b8188aa26bb861f40c321404c73, close {}]
Capabilities {acceptInsecureCerts: false, browserName: chrome, browserVersion: 108.0.5359.125, chrome: {chromedriverVersion: 108.0.5359.71 (1e0e3868ee06..., userDataDir: C:\Users\vicky\AppData\Loca...}, goog:chromeOptions: {debuggerAddress: localhost:57972}, javascriptEnabled: true, networkConnectionEnabled: false, pageLoadStrategy: normal, platform: WINDOWS, platformName: WINDOWS, proxy: Proxy(), se:cdp: ws://localhost:57972/devtoo..., se:cdpVersion: 108.0.5359.125, setWindowRect: true, strictFileInteractability: false, timeouts: {implicit: 0, pageLoad: 300000, script: 30000}, unhandledPromptBehavior: dismiss and notify, webauthn:extension:credBlob: true, webauthn:extension:largeBlob: true, webauthn:virtualAuthenticators: true}
Session ID: b5359b8188aa26bb861f40c321404c73
at java.base/jdk.internal.reflect.NativeConstructorAccessorImpl.newInstance0(Native Method)
at java.base/jdk.internal.reflect.NativeConstructorAccessorImpl.newInstance(NativeConstructorAccessorImpl.java:77)
at java.base/jdk.internal.reflect.DelegatingConstructorAccessorImpl.newInstance(DelegatingConstructorAccessorImpl.java:45)
at java.base/java.lang.reflect.Constructor.newInstanceWithCaller(Constructor.java:499)
at java.base/java.lang.reflect.Constructor.newInstance(Constructor.java:480)
at org.openqa.selenium.remote.codec.w3c.W3CHttpResponseCodec.createException(W3CHttpResponseCodec.java:200)
at org.openqa.selenium.remote.codec.w3c.W3CHttpResponseCodec.decode(W3CHttpResponseCodec.java:133)
at org.openqa.selenium.remote.codec.w3c.W3CHttpResponseCodec.decode(W3CHttpResponseCodec.java:53)
at org.openqa.selenium.remote.HttpCommandExecutor.execute(HttpCommandExecutor.java:184)
at org.openqa.selenium.remote.service.DriverCommandExecutor.invokeExecute(DriverCommandExecutor.java:164)
at org.openqa.selenium.remote.service.DriverCommandExecutor.execute(DriverCommandExecutor.java:139)
at org.openqa.selenium.remote.RemoteWebDriver.execute(RemoteWebDriver.java:559)
at org.openqa.selenium.remote.RemoteWebDriver.execute(RemoteWebDriver.java:614)
at org.openqa.selenium.remote.RemoteWebDriver.execute(RemoteWebDriver.java:618)
at org.openqa.selenium.remote.RemoteWebDriver.close(RemoteWebDriver.java:444)
at orangeHRM.utilities.Utils.closeBrowser(Utils.java:220)
at orangeHRM.base.BaseClass.testCloserIT(BaseClass.java:34)
at java.base/jdk.internal.reflect.NativeMethodAccessorImpl.invoke0(Native Method)
at java.base/jdk.internal.reflect.NativeMethodAccessorImpl.invoke(NativeMethodAccessorImpl.java:77)
at java.base/jdk.internal.reflect.DelegatingMethodAccessorImpl.invoke(DelegatingMethodAccessorImpl.java:43)
at java.base/java.lang.reflect.Method.invoke(Method.java:568)
at org.testng.internal.MethodInvocationHelper.invokeMethod(MethodInvocationHelper.java:133)
at org.testng.internal.MethodInvocationHelper.invokeMethodConsideringTimeout(MethodInvocationHelper.java:62)
at org.testng.internal.ConfigInvoker.invokeConfigurationMethod(ConfigInvoker.java:385)
at org.testng.internal.ConfigInvoker.invokeConfigurations(ConfigInvoker.java:321)
at org.testng.internal.TestInvoker.runConfigMethods(TestInvoker.java:700)
at org.testng.internal.TestInvoker.runAfterGroupsConfigurations(TestInvoker.java:676)
at org.testng.internal.TestInvoker.invokeMethod(TestInvoker.java:660)
at org.testng.internal.TestInvoker.invokeTestMethod(TestInvoker.java:173)
at org.testng.internal.MethodRunner.runInSequence(MethodRunner.java:46)
at org.testng.internal.TestInvoker$MethodInvocationAgent.invoke(TestInvoker.java:824)
at org.testng.internal.TestInvoker.invokeTestMethods(TestInvoker.java:146)
at org.testng.internal.TestMethodWorker.invokeTestMethods(TestMethodWorker.java:146)
at org.testng.internal.TestMethodWorker.run(TestMethodWorker.java:128)
at java.base/java.util.concurrent.ThreadPoolExecutor.runWorker(ThreadPoolExecutor.java:1136)
at java.base/java.util.concurrent.ThreadPoolExecutor$Worker.run(ThreadPoolExecutor.java:635)
at java.base/java.lang.Thread.run(Thread.java:833)
]]>
    </error>
  </testcase> <!-- testCloserIT -->
  <system-out/>
  <testcase classname="orangeHRM.testcases.TestCases" name="TC_PIM_01" time="0.000">
    <skipped/>
  </testcase> <!-- TC_PIM_01 -->
  <system-out/>
  <testcase classname="orangeHRM.testcases.TestCases" name="TC_PIM_01" time="81.207"/>
  <system-out/>
  <testcase classname="orangeHRM.testcases.TestCases" name="TC_PIM_01" time="0.000">
    <skipped/>
  </testcase> <!-- TC_PIM_01 -->
  <system-out/>
  <testcase classname="orangeHRM.testcases.TestCases" name="TC_PIM_01" time="0.000">
    <skipped/>
  </testcase> <!-- TC_PIM_01 -->
  <system-out/>
  <testcase classname="orangeHRM.testcases.TestCases" name="TC_PIM_01" time="0.000">
    <skipped/>
  </testcase> <!-- TC_PIM_01 -->
  <system-out/>
  <testcase classname="orangeHRM.testcases.TestCases" name="TC_PIM_01" time="0.000">
    <skipped/>
  </testcase> <!-- TC_PIM_01 -->
  <system-out/>
  <testcase classname="orangeHRM.testcases.TestCases" name="TC_PIM_01" time="0.000">
    <skipped/>
  </testcase> <!-- TC_PIM_01 -->
  <system-out/>
  <testcase classname="orangeHRM.testcases.TestCases" name="TC_PIM_01" time="0.000">
    <skipped/>
  </testcase> <!-- TC_PIM_01 -->
  <system-out/>
  <testcase classname="orangeHRM.testcases.TestCases" name="TC_PIM_01" time="0.000">
    <skipped/>
  </testcase> <!-- TC_PIM_01 -->
  <system-out/>
  <testcase classname="orangeHRM.testcases.TestCases" name="TC_PIM_01" time="0.000">
    <skipped/>
  </testcase> <!-- TC_PIM_01 -->
  <system-out/>
  <testcase classname="orangeHRM.testcases.TestCases" name="TC_PIM_01" time="0.000">
    <skipped/>
  </testcase> <!-- TC_PIM_01 -->
  <system-out/>
  <testcase classname="orangeHRM.testcases.TestCases" name="TC_PIM_01" time="0.000">
    <skipped/>
  </testcase> <!-- TC_PIM_01 -->
  <system-out/>
  <testcase classname="orangeHRM.testcases.TestCases" name="TC_PIM_01" time="0.000">
    <skipped/>
  </testcase> <!-- TC_PIM_01 -->
  <system-out/>
  <testcase classname="orangeHRM.testcases.TestCases" name="TC_PIM_01" time="0.000">
    <skipped/>
  </testcase> <!-- TC_PIM_01 -->
  <system-out/>
</testsuite> <!-- orangeHRM.testcases.TestCases -->
